<?xml version="1.0" encoding="UTF-8"?>
<testng-results ignored="0" total="1" passed="1" failed="0" skipped="0">
  <reporter-output>
  </reporter-output>
  <suite started-at="2022-01-28T00:38:17 IST" name="Default suite" finished-at="2022-01-28T00:38:36 IST" duration-ms="18865">
    <groups>
    </groups>
    <test started-at="2022-01-28T00:38:17 IST" name="Default test" finished-at="2022-01-28T00:38:36 IST" duration-ms="18865">
      <class name="test.EGHomePageTest">
        <test-method is-config="true" signature="setupTest()[pri:0, instance:test.EGHomePageTest@15c43bd9]" started-at="2022-01-28T00:38:17 IST" name="setupTest" finished-at="2022-01-28T00:38:18 IST" duration-ms="1425" status="PASS">
          <reporter-output>
          </reporter-output>
        </test-method> <!-- setupTest -->
        <test-method signature="header()[pri:0, instance:test.EGHomePageTest@15c43bd9]" started-at="2022-01-28T00:38:18 IST" name="header" finished-at="2022-01-28T00:38:35 IST" duration-ms="17169" status="PASS">
          <reporter-output>
          </reporter-output>
        </test-method> <!-- header -->
        <test-method is-config="true" signature="tearDownTest()[pri:0, instance:test.EGHomePageTest@15c43bd9]" started-at="2022-01-28T00:38:35 IST" name="tearDownTest" finished-at="2022-01-28T00:38:36 IST" duration-ms="238" status="PASS">
          <reporter-output>
          </reporter-output>
        </test-method> <!-- tearDownTest -->
      </class> <!-- test.EGHomePageTest -->
    </test> <!-- Default test -->
  </suite> <!-- Default suite -->
</testng-results>
