<?xml version="1.0" encoding="UTF-8"?>
<testng-results ignored="0" total="2" passed="2" failed="0" skipped="0">
  <reporter-output>
  </reporter-output>
  <suite started-at="2022-01-30T17:57:52 IST" name="Default suite" finished-at="2022-01-30T17:58:32 IST" duration-ms="40533">
    <groups>
    </groups>
    <test started-at="2022-01-30T17:57:52 IST" name="Default test" finished-at="2022-01-30T17:58:32 IST" duration-ms="40533">
      <class name="test.EGHomePageTest">
        <test-method is-config="true" signature="setup()[pri:0, instance:test.EGHomePageTest@1622f1b]" started-at="2022-01-30T17:57:52 IST" name="setup" finished-at="2022-01-30T17:58:08 IST" duration-ms="15886" status="PASS">
          <reporter-output>
          </reporter-output>
        </test-method> <!-- setup -->
        <test-method signature="kerEGLogoTest()[pri:1, instance:test.EGHomePageTest@1622f1b]" started-at="2022-01-30T17:58:08 IST" name="kerEGLogoTest" finished-at="2022-01-30T17:58:08 IST" duration-ms="70" status="PASS">
          <reporter-output>
          </reporter-output>
        </test-method> <!-- kerEGLogoTest -->
        <test-method is-config="true" signature="tearDown()[pri:0, instance:test.EGHomePageTest@1622f1b]" started-at="2022-01-30T17:58:08 IST" name="tearDown" finished-at="2022-01-30T17:58:12 IST" duration-ms="4269" status="PASS">
          <reporter-output>
          </reporter-output>
        </test-method> <!-- tearDown -->
        <test-method is-config="true" signature="setup()[pri:0, instance:test.EGHomePageTest@1622f1b]" started-at="2022-01-30T17:58:12 IST" name="setup" finished-at="2022-01-30T17:58:32 IST" duration-ms="20048" status="PASS">
          <reporter-output>
          </reporter-output>
        </test-method> <!-- setup -->
        <test-method signature="kerEGTitleTest()[pri:2, instance:test.EGHomePageTest@1622f1b]" started-at="2022-01-30T17:58:32 IST" name="kerEGTitleTest" finished-at="2022-01-30T17:58:32 IST" duration-ms="19" status="PASS">
          <reporter-output>
          </reporter-output>
        </test-method> <!-- kerEGTitleTest -->
        <test-method is-config="true" signature="tearDown()[pri:0, instance:test.EGHomePageTest@1622f1b]" started-at="2022-01-30T17:58:32 IST" name="tearDown" finished-at="2022-01-30T17:58:32 IST" duration-ms="199" status="PASS">
          <reporter-output>
          </reporter-output>
        </test-method> <!-- tearDown -->
      </class> <!-- test.EGHomePageTest -->
    </test> <!-- Default test -->
  </suite> <!-- Default suite -->
</testng-results>
